<?xml version="1.0" encoding="UTF-8"?>
<!-- Generated by org.testng.reporters.JUnitReportReporter -->
<testsuite hostname="LAPTOP-6UNA8P7R" failures="0" tests="2" name="org.AppiumTestCases.eCommerce_TC4_withDataprovider" time="76.604" errors="0" timestamp="2023-12-06T16:27:23 EST" skipped="0">
  <testcase classname="org.AppiumTestCases.eCommerce_TC4_withDataprovider" name="fillForm" time="19.807"/>
  <system-out/>
  <testcase classname="org.AppiumTestCases.eCommerce_TC4_withDataprovider" name="fillForm" time="56.797"/>
  <system-out/>
</testsuite> <!-- org.AppiumTestCases.eCommerce_TC4_withDataprovider -->
