<?xml version="1.0" encoding="UTF-8"?>
<!-- Generated by org.testng.reporters.JUnitReportReporter -->
<testsuite hostname="LAPTOP-6UNA8P7R" failures="0" tests="1" name="org.AppiumTestCases.eCommerce_TC1" time="19.200" errors="0" timestamp="2023-12-08T13:46:51 EST" skipped="0">
  <testcase classname="org.AppiumTestCases.eCommerce_TC1" name="fillForm_PositiveFlow" time="19.200"/>
  <system-out/>
</testsuite> <!-- org.AppiumTestCases.eCommerce_TC1 -->
