<?xml version="1.0" encoding="UTF-8"?>
<!-- Generated by org.testng.reporters.JUnitReportReporter -->
<testsuite hostname="LAPTOP-6UNA8P7R" failures="0" tests="2" name="org.AppiumTestCases.eCommerce_TC4_JsonDataprovider" time="41.625" errors="0" timestamp="2023-12-07T14:22:09 EST" skipped="0">
  <testcase classname="org.AppiumTestCases.eCommerce_TC4_JsonDataprovider" name="fillForm" time="20.989"/>
  <system-out/>
  <testcase classname="org.AppiumTestCases.eCommerce_TC4_JsonDataprovider" name="fillForm" time="20.636"/>
  <system-out/>
</testsuite> <!-- org.AppiumTestCases.eCommerce_TC4_JsonDataprovider -->
